<?xml version="1.0" encoding="UTF-8"?>
<!-- Generated by org.testng.reporters.JUnitReportReporter -->
<testsuite hostname="DESKTOP-OLMI7T4" failures="0" tests="2" name="testcases.PositiveTransferTest" time="5.664" errors="0" timestamp="2025-09-09T17:17:18 WAT" skipped="0">
  <testcase classname="testcases.PositiveTransferTest" name="testTransferConfirmationDetails" time="3.936"/>
  <testcase classname="testcases.PositiveTransferTest" name="testTransferConfirmationDetails2" time="1.728"/>
</testsuite> <!-- testcases.PositiveTransferTest -->
