<?xml version="1.0" encoding="UTF-8"?>
<!-- Generated by org.testng.reporters.JUnitReportReporter -->
<testsuite hostname="DESKTOP-OLMI7T4" failures="0" tests="2" name="testcases.PositiveTransferTest" time="7.749" errors="0" timestamp="2025-08-30T17:25:57 WAT" skipped="0">
  <testcase classname="testcases.PositiveTransferTest" name="testTransferConfirmationDetails" time="5.691"/>
  <testcase classname="testcases.PositiveTransferTest" name="testTransferConfirmationDetails2" time="2.058"/>
</testsuite> <!-- testcases.PositiveTransferTest -->
