<?xml version="1.0" encoding="UTF-8"?>
<!-- Generated by org.testng.reporters.JUnitReportReporter -->
<testsuite hostname="DESKTOP-OLMI7T4" failures="0" tests="2" name="testcases.PositiveTransferTest" time="7.266" errors="0" timestamp="2025-09-04T21:53:21 WAT" skipped="0">
  <testcase classname="testcases.PositiveTransferTest" name="testTransferConfirmationDetails" time="5.042"/>
  <testcase classname="testcases.PositiveTransferTest" name="testTransferConfirmationDetails2" time="2.224"/>
</testsuite> <!-- testcases.PositiveTransferTest -->
