<?xml version="1.0" encoding="UTF-8"?>
<!-- Generated by org.testng.reporters.JUnitReportReporter -->
<testsuite hostname="DESKTOP-OLMI7T4" failures="0" tests="2" name="testcases.AccountPageTest" time="2.373" errors="0" timestamp="2025-08-29T21:28:17 WAT" skipped="0">
  <testcase classname="testcases.AccountPageTest" name="verifyAccountRowsData" time="2.190"/>
  <testcase classname="testcases.AccountPageTest" name="verifyTotalBalance" time="0.183"/>
</testsuite> <!-- testcases.AccountPageTest -->
