<?xml version="1.0" encoding="UTF-8"?>
<!-- Generated by org.testng.reporters.JUnitReportReporter -->
<testsuite hostname="DESKTOP-OLMI7T4" failures="0" tests="2" name="testcases.AccountPageTest" time="6.772" errors="0" timestamp="2025-09-02T21:40:11 WAT" skipped="0">
  <testcase classname="testcases.AccountPageTest" name="verifyAccountRowsData" time="6.464"/>
  <testcase classname="testcases.AccountPageTest" name="verifyTotalBalance" time="0.308"/>
</testsuite> <!-- testcases.AccountPageTest -->
