<?xml version="1.0" encoding="UTF-8"?>
<!-- Generated by org.testng.reporters.JUnitReportReporter -->
<testsuite hostname="DESKTOP-OLMI7T4" failures="0" tests="2" name="testcases.AccountPageTest" time="2.698" errors="0" timestamp="2025-09-07T02:06:42 WAT" skipped="0">
  <testcase classname="testcases.AccountPageTest" name="verifyAccountRowsData" time="2.542"/>
  <testcase classname="testcases.AccountPageTest" name="verifyTotalBalance" time="0.156"/>
</testsuite> <!-- testcases.AccountPageTest -->
