<?xml version="1.0" encoding="UTF-8"?>
<!-- Generated by org.testng.reporters.JUnitReportReporter -->
<testsuite hostname="DESKTOP-OLMI7T4" failures="0" tests="1" name="testcases.RegisterTest" time="4.034" errors="0" timestamp="2025-09-07T02:05:30 WAT" skipped="0">
  <testcase classname="testcases.RegisterTest" name="registerDataTest" time="4.034"/>
</testsuite> <!-- testcases.RegisterTest -->
