<?xml version="1.0" encoding="UTF-8"?>
<!-- Generated by org.testng.reporters.JUnitReportReporter -->
<testsuite hostname="DESKTOP-OLMI7T4" failures="0" tests="1" name="testcases.RegisterTest" time="7.004" errors="0" timestamp="2025-09-02T21:09:23 WAT" skipped="0">
  <testcase classname="testcases.RegisterTest" name="registerDataTest" time="7.004"/>
</testsuite> <!-- testcases.RegisterTest -->
