<?xml version="1.0" encoding="UTF-8"?>
<!-- Generated by org.testng.reporters.JUnitReportReporter -->
<testsuite hostname="DESKTOP-OLMI7T4" failures="0" tests="2" name="testcases.CreateAccountTest" time="8.043" errors="0" timestamp="2025-09-09T17:16:38 WAT" skipped="0">
  <testcase classname="testcases.CreateAccountTest" name="createCheckingAccountTest" time="5.465"/>
  <testcase classname="testcases.CreateAccountTest" name="createSavingAccountTest" time="2.578"/>
</testsuite> <!-- testcases.CreateAccountTest -->
