<?xml version="1.0" encoding="UTF-8"?>
<!-- Generated by org.testng.reporters.JUnitReportReporter -->
<testsuite hostname="DESKTOP-OLMI7T4" failures="0" tests="1" name="testcases.BillPageTest" time="6.139" errors="0" timestamp="2025-09-09T17:16:38 WAT" skipped="0">
  <testcase classname="testcases.BillPageTest" name="billPageDataTest" time="6.139"/>
</testsuite> <!-- testcases.BillPageTest -->
