<?xml version="1.0" encoding="UTF-8"?>
<!-- Generated by org.testng.reporters.JUnitReportReporter -->
<testsuite hostname="DESKTOP-OLMI7T4" failures="0" tests="2" name="testcases.CreateAccountTest" time="8.576" errors="0" timestamp="2025-09-07T02:07:50 WAT" skipped="0">
  <testcase classname="testcases.CreateAccountTest" name="createCheckingAccountTest" time="5.265"/>
  <testcase classname="testcases.CreateAccountTest" name="createSavingAccountTest" time="3.311"/>
</testsuite> <!-- testcases.CreateAccountTest -->
