<?xml version="1.0" encoding="UTF-8"?>
<!-- Generated by org.testng.reporters.JUnitReportReporter -->
<testsuite hostname="DESKTOP-OLMI7T4" failures="0" tests="2" name="testcases.CreateAccountTest" time="8.485" errors="0" timestamp="2025-09-07T16:20:47 WAT" skipped="0">
  <testcase classname="testcases.CreateAccountTest" name="createCheckingAccountTest" time="5.798"/>
  <testcase classname="testcases.CreateAccountTest" name="createSavingAccountTest" time="2.687"/>
</testsuite> <!-- testcases.CreateAccountTest -->
