<?xml version="1.0" encoding="UTF-8"?>
<!-- Generated by org.testng.reporters.JUnitReportReporter -->
<testsuite hostname="DESKTOP-OLMI7T4" failures="0" tests="2" name="testcases.CreateAccountTest" time="9.339" errors="0" timestamp="2025-09-02T22:11:59 WAT" skipped="0">
  <testcase classname="testcases.CreateAccountTest" name="createCheckingAccountTest" time="5.506"/>
  <testcase classname="testcases.CreateAccountTest" name="createSavingAccountTest" time="3.833"/>
</testsuite> <!-- testcases.CreateAccountTest -->
