<?xml version="1.0" encoding="UTF-8"?>
<!-- Generated by org.testng.reporters.JUnitReportReporter -->
<testsuite hostname="DESKTOP-OLMI7T4" failures="0" tests="2" name="testcases.CreateAccountTest" time="9.399" errors="0" timestamp="2025-08-31T21:07:26 WAT" skipped="0">
  <testcase classname="testcases.CreateAccountTest" name="createCheckingAccountTest" time="6.347"/>
  <testcase classname="testcases.CreateAccountTest" name="createSavingAccountTest" time="3.052"/>
</testsuite> <!-- testcases.CreateAccountTest -->
